[2023-04-05T03:47:24.708+0000] {processor.py:153} INFO - Started process (PID=44) to work on /home/airflow/.local/lib/python3.7/site-packages/airflow/example_dags/example_subdag_operator.py
[2023-04-05T03:47:24.709+0000] {processor.py:743} INFO - Processing file /home/airflow/.local/lib/python3.7/site-packages/airflow/example_dags/example_subdag_operator.py for tasks to queue
[2023-04-05T03:47:24.710+0000] {logging_mixin.py:137} INFO - [2023-04-05T03:47:24.710+0000] {dagbag.py:532} INFO - Filling up the DagBag from /home/airflow/.local/lib/python3.7/site-packages/airflow/example_dags/example_subdag_operator.py
[2023-04-05T03:47:24.802+0000] {processor.py:753} INFO - DAG(s) dict_keys(['example_subdag_operator.section-1', 'example_subdag_operator.section-2', 'example_subdag_operator']) retrieved from /home/airflow/.local/lib/python3.7/site-packages/airflow/example_dags/example_subdag_operator.py
[2023-04-05T03:47:24.812+0000] {logging_mixin.py:137} INFO - [2023-04-05T03:47:24.812+0000] {dag.py:2705} INFO - Sync 3 DAGs
[2023-04-05T03:47:24.893+0000] {logging_mixin.py:137} INFO - [2023-04-05T03:47:24.893+0000] {dag.py:3456} INFO - Setting next_dagrun for example_subdag_operator to 2022-01-01T00:00:00+00:00, run_after=2022-01-01T00:00:00+00:00
[2023-04-05T03:47:24.898+0000] {logging_mixin.py:137} INFO - [2023-04-05T03:47:24.898+0000] {dag.py:3456} INFO - Setting next_dagrun for example_subdag_operator.section-1 to None, run_after=None
[2023-04-05T03:47:24.902+0000] {logging_mixin.py:137} INFO - [2023-04-05T03:47:24.902+0000] {dag.py:3456} INFO - Setting next_dagrun for example_subdag_operator.section-2 to None, run_after=None
[2023-04-05T03:47:24.911+0000] {logging_mixin.py:137} INFO - [2023-04-05T03:47:24.911+0000] {dag.py:2705} INFO - Sync 2 DAGs
[2023-04-05T03:47:24.918+0000] {logging_mixin.py:137} INFO - [2023-04-05T03:47:24.918+0000] {dag.py:3456} INFO - Setting next_dagrun for example_subdag_operator.section-1 to None, run_after=None
[2023-04-05T03:47:24.919+0000] {logging_mixin.py:137} INFO - [2023-04-05T03:47:24.919+0000] {dag.py:3456} INFO - Setting next_dagrun for example_subdag_operator.section-2 to None, run_after=None
[2023-04-05T03:47:24.934+0000] {processor.py:175} INFO - Processing /home/airflow/.local/lib/python3.7/site-packages/airflow/example_dags/example_subdag_operator.py took 0.264 seconds
[2023-04-05T03:47:55.826+0000] {processor.py:153} INFO - Started process (PID=94) to work on /home/airflow/.local/lib/python3.7/site-packages/airflow/example_dags/example_subdag_operator.py
[2023-04-05T03:47:55.831+0000] {processor.py:743} INFO - Processing file /home/airflow/.local/lib/python3.7/site-packages/airflow/example_dags/example_subdag_operator.py for tasks to queue
[2023-04-05T03:47:55.833+0000] {logging_mixin.py:137} INFO - [2023-04-05T03:47:55.833+0000] {dagbag.py:532} INFO - Filling up the DagBag from /home/airflow/.local/lib/python3.7/site-packages/airflow/example_dags/example_subdag_operator.py
[2023-04-05T03:47:55.882+0000] {processor.py:753} INFO - DAG(s) dict_keys(['example_subdag_operator.section-1', 'example_subdag_operator.section-2', 'example_subdag_operator']) retrieved from /home/airflow/.local/lib/python3.7/site-packages/airflow/example_dags/example_subdag_operator.py
[2023-04-05T03:47:55.898+0000] {logging_mixin.py:137} INFO - [2023-04-05T03:47:55.898+0000] {dag.py:2705} INFO - Sync 3 DAGs
[2023-04-05T03:47:55.919+0000] {logging_mixin.py:137} INFO - [2023-04-05T03:47:55.919+0000] {dag.py:3456} INFO - Setting next_dagrun for example_subdag_operator to 2022-01-01T00:00:00+00:00, run_after=2022-01-01T00:00:00+00:00
[2023-04-05T03:47:55.926+0000] {logging_mixin.py:137} INFO - [2023-04-05T03:47:55.926+0000] {dag.py:3456} INFO - Setting next_dagrun for example_subdag_operator.section-1 to None, run_after=None
[2023-04-05T03:47:55.927+0000] {logging_mixin.py:137} INFO - [2023-04-05T03:47:55.927+0000] {dag.py:3456} INFO - Setting next_dagrun for example_subdag_operator.section-2 to None, run_after=None
[2023-04-05T03:47:55.936+0000] {logging_mixin.py:137} INFO - [2023-04-05T03:47:55.936+0000] {dag.py:2705} INFO - Sync 2 DAGs
[2023-04-05T03:47:55.941+0000] {logging_mixin.py:137} INFO - [2023-04-05T03:47:55.941+0000] {dag.py:3456} INFO - Setting next_dagrun for example_subdag_operator.section-1 to None, run_after=None
[2023-04-05T03:47:55.942+0000] {logging_mixin.py:137} INFO - [2023-04-05T03:47:55.942+0000] {dag.py:3456} INFO - Setting next_dagrun for example_subdag_operator.section-2 to None, run_after=None
[2023-04-05T03:47:55.950+0000] {processor.py:175} INFO - Processing /home/airflow/.local/lib/python3.7/site-packages/airflow/example_dags/example_subdag_operator.py took 0.130 seconds
