[2023-04-05T03:47:26.020+0000] {processor.py:153} INFO - Started process (PID=54) to work on /home/airflow/.local/lib/python3.7/site-packages/airflow/example_dags/example_python_operator.py
[2023-04-05T03:47:26.022+0000] {processor.py:743} INFO - Processing file /home/airflow/.local/lib/python3.7/site-packages/airflow/example_dags/example_python_operator.py for tasks to queue
[2023-04-05T03:47:26.024+0000] {logging_mixin.py:137} INFO - [2023-04-05T03:47:26.024+0000] {dagbag.py:532} INFO - Filling up the DagBag from /home/airflow/.local/lib/python3.7/site-packages/airflow/example_dags/example_python_operator.py
[2023-04-05T03:47:26.051+0000] {logging_mixin.py:137} INFO - [2023-04-05T03:47:26.051+0000] {taskmixin.py:211} WARNING - Dependency <Task(_PythonDecoratedOperator): print_the_context>, log_sql_query already registered for DAG: example_python_operator
[2023-04-05T03:47:26.052+0000] {logging_mixin.py:137} INFO - [2023-04-05T03:47:26.052+0000] {taskmixin.py:211} WARNING - Dependency <Task(_PythonDecoratedOperator): log_sql_query>, print_the_context already registered for DAG: example_python_operator
[2023-04-05T03:47:26.053+0000] {logging_mixin.py:137} INFO - [2023-04-05T03:47:26.053+0000] {taskmixin.py:211} WARNING - Dependency <Task(_PythonDecoratedOperator): print_the_context>, log_sql_query already registered for DAG: example_python_operator
[2023-04-05T03:47:26.053+0000] {logging_mixin.py:137} INFO - [2023-04-05T03:47:26.053+0000] {taskmixin.py:211} WARNING - Dependency <Task(_PythonDecoratedOperator): log_sql_query>, print_the_context already registered for DAG: example_python_operator
[2023-04-05T03:47:26.059+0000] {logging_mixin.py:137} INFO - [2023-04-05T03:47:26.059+0000] {taskmixin.py:211} WARNING - Dependency <Task(_PythonDecoratedOperator): print_the_context>, log_sql_query already registered for DAG: example_python_operator
[2023-04-05T03:47:26.060+0000] {logging_mixin.py:137} INFO - [2023-04-05T03:47:26.060+0000] {taskmixin.py:211} WARNING - Dependency <Task(_PythonDecoratedOperator): log_sql_query>, print_the_context already registered for DAG: example_python_operator
[2023-04-05T03:47:26.062+0000] {logging_mixin.py:137} INFO - [2023-04-05T03:47:26.061+0000] {taskmixin.py:211} WARNING - Dependency <Task(_PythonDecoratedOperator): print_the_context>, log_sql_query already registered for DAG: example_python_operator
[2023-04-05T03:47:26.062+0000] {logging_mixin.py:137} INFO - [2023-04-05T03:47:26.062+0000] {taskmixin.py:211} WARNING - Dependency <Task(_PythonDecoratedOperator): log_sql_query>, print_the_context already registered for DAG: example_python_operator
[2023-04-05T03:47:26.091+0000] {processor.py:753} INFO - DAG(s) dict_keys(['example_python_operator']) retrieved from /home/airflow/.local/lib/python3.7/site-packages/airflow/example_dags/example_python_operator.py
[2023-04-05T03:47:26.157+0000] {logging_mixin.py:137} INFO - [2023-04-05T03:47:26.156+0000] {dag.py:2705} INFO - Sync 1 DAGs
[2023-04-05T03:47:26.210+0000] {logging_mixin.py:137} INFO - [2023-04-05T03:47:26.210+0000] {dag.py:3456} INFO - Setting next_dagrun for example_python_operator to None, run_after=None
[2023-04-05T03:47:26.246+0000] {processor.py:175} INFO - Processing /home/airflow/.local/lib/python3.7/site-packages/airflow/example_dags/example_python_operator.py took 0.232 seconds
[2023-04-05T03:47:56.635+0000] {processor.py:153} INFO - Started process (PID=104) to work on /home/airflow/.local/lib/python3.7/site-packages/airflow/example_dags/example_python_operator.py
[2023-04-05T03:47:56.636+0000] {processor.py:743} INFO - Processing file /home/airflow/.local/lib/python3.7/site-packages/airflow/example_dags/example_python_operator.py for tasks to queue
[2023-04-05T03:47:56.637+0000] {logging_mixin.py:137} INFO - [2023-04-05T03:47:56.637+0000] {dagbag.py:532} INFO - Filling up the DagBag from /home/airflow/.local/lib/python3.7/site-packages/airflow/example_dags/example_python_operator.py
[2023-04-05T03:47:56.652+0000] {logging_mixin.py:137} INFO - [2023-04-05T03:47:56.652+0000] {taskmixin.py:211} WARNING - Dependency <Task(_PythonDecoratedOperator): print_the_context>, log_sql_query already registered for DAG: example_python_operator
[2023-04-05T03:47:56.654+0000] {logging_mixin.py:137} INFO - [2023-04-05T03:47:56.654+0000] {taskmixin.py:211} WARNING - Dependency <Task(_PythonDecoratedOperator): log_sql_query>, print_the_context already registered for DAG: example_python_operator
[2023-04-05T03:47:56.655+0000] {logging_mixin.py:137} INFO - [2023-04-05T03:47:56.655+0000] {taskmixin.py:211} WARNING - Dependency <Task(_PythonDecoratedOperator): print_the_context>, log_sql_query already registered for DAG: example_python_operator
[2023-04-05T03:47:56.656+0000] {logging_mixin.py:137} INFO - [2023-04-05T03:47:56.656+0000] {taskmixin.py:211} WARNING - Dependency <Task(_PythonDecoratedOperator): log_sql_query>, print_the_context already registered for DAG: example_python_operator
[2023-04-05T03:47:56.657+0000] {logging_mixin.py:137} INFO - [2023-04-05T03:47:56.657+0000] {taskmixin.py:211} WARNING - Dependency <Task(_PythonDecoratedOperator): print_the_context>, log_sql_query already registered for DAG: example_python_operator
[2023-04-05T03:47:56.657+0000] {logging_mixin.py:137} INFO - [2023-04-05T03:47:56.657+0000] {taskmixin.py:211} WARNING - Dependency <Task(_PythonDecoratedOperator): log_sql_query>, print_the_context already registered for DAG: example_python_operator
[2023-04-05T03:47:56.658+0000] {logging_mixin.py:137} INFO - [2023-04-05T03:47:56.658+0000] {taskmixin.py:211} WARNING - Dependency <Task(_PythonDecoratedOperator): print_the_context>, log_sql_query already registered for DAG: example_python_operator
[2023-04-05T03:47:56.659+0000] {logging_mixin.py:137} INFO - [2023-04-05T03:47:56.659+0000] {taskmixin.py:211} WARNING - Dependency <Task(_PythonDecoratedOperator): log_sql_query>, print_the_context already registered for DAG: example_python_operator
[2023-04-05T03:47:56.665+0000] {processor.py:753} INFO - DAG(s) dict_keys(['example_python_operator']) retrieved from /home/airflow/.local/lib/python3.7/site-packages/airflow/example_dags/example_python_operator.py
[2023-04-05T03:47:56.717+0000] {logging_mixin.py:137} INFO - [2023-04-05T03:47:56.717+0000] {dag.py:2705} INFO - Sync 1 DAGs
[2023-04-05T03:47:56.732+0000] {logging_mixin.py:137} INFO - [2023-04-05T03:47:56.732+0000] {dag.py:3456} INFO - Setting next_dagrun for example_python_operator to None, run_after=None
[2023-04-05T03:47:56.750+0000] {processor.py:175} INFO - Processing /home/airflow/.local/lib/python3.7/site-packages/airflow/example_dags/example_python_operator.py took 0.119 seconds
