[2023-04-05T03:47:25.162+0000] {processor.py:153} INFO - Started process (PID=47) to work on /home/airflow/.local/lib/python3.7/site-packages/airflow/example_dags/example_complex.py
[2023-04-05T03:47:25.166+0000] {processor.py:743} INFO - Processing file /home/airflow/.local/lib/python3.7/site-packages/airflow/example_dags/example_complex.py for tasks to queue
[2023-04-05T03:47:25.168+0000] {logging_mixin.py:137} INFO - [2023-04-05T03:47:25.168+0000] {dagbag.py:532} INFO - Filling up the DagBag from /home/airflow/.local/lib/python3.7/site-packages/airflow/example_dags/example_complex.py
[2023-04-05T03:47:25.197+0000] {logging_mixin.py:137} INFO - [2023-04-05T03:47:25.197+0000] {taskmixin.py:211} WARNING - Dependency <Task(BashOperator): create_entry_group>, delete_entry_group already registered for DAG: example_complex
[2023-04-05T03:47:25.199+0000] {logging_mixin.py:137} INFO - [2023-04-05T03:47:25.199+0000] {taskmixin.py:211} WARNING - Dependency <Task(BashOperator): delete_entry_group>, create_entry_group already registered for DAG: example_complex
[2023-04-05T03:47:25.200+0000] {logging_mixin.py:137} INFO - [2023-04-05T03:47:25.200+0000] {taskmixin.py:211} WARNING - Dependency <Task(BashOperator): create_entry_gcs>, delete_entry already registered for DAG: example_complex
[2023-04-05T03:47:25.201+0000] {logging_mixin.py:137} INFO - [2023-04-05T03:47:25.201+0000] {taskmixin.py:211} WARNING - Dependency <Task(BashOperator): delete_entry>, create_entry_gcs already registered for DAG: example_complex
[2023-04-05T03:47:25.202+0000] {logging_mixin.py:137} INFO - [2023-04-05T03:47:25.202+0000] {taskmixin.py:211} WARNING - Dependency <Task(BashOperator): create_tag>, delete_tag already registered for DAG: example_complex
[2023-04-05T03:47:25.203+0000] {logging_mixin.py:137} INFO - [2023-04-05T03:47:25.203+0000] {taskmixin.py:211} WARNING - Dependency <Task(BashOperator): delete_tag>, create_tag already registered for DAG: example_complex
[2023-04-05T03:47:25.217+0000] {processor.py:753} INFO - DAG(s) dict_keys(['example_complex']) retrieved from /home/airflow/.local/lib/python3.7/site-packages/airflow/example_dags/example_complex.py
[2023-04-05T03:47:25.241+0000] {logging_mixin.py:137} INFO - [2023-04-05T03:47:25.241+0000] {dag.py:2705} INFO - Sync 1 DAGs
[2023-04-05T03:47:25.283+0000] {logging_mixin.py:137} INFO - [2023-04-05T03:47:25.283+0000] {dag.py:3456} INFO - Setting next_dagrun for example_complex to None, run_after=None
[2023-04-05T03:47:25.311+0000] {processor.py:175} INFO - Processing /home/airflow/.local/lib/python3.7/site-packages/airflow/example_dags/example_complex.py took 0.167 seconds
[2023-04-05T03:47:55.978+0000] {processor.py:153} INFO - Started process (PID=97) to work on /home/airflow/.local/lib/python3.7/site-packages/airflow/example_dags/example_complex.py
[2023-04-05T03:47:55.980+0000] {processor.py:743} INFO - Processing file /home/airflow/.local/lib/python3.7/site-packages/airflow/example_dags/example_complex.py for tasks to queue
[2023-04-05T03:47:55.981+0000] {logging_mixin.py:137} INFO - [2023-04-05T03:47:55.981+0000] {dagbag.py:532} INFO - Filling up the DagBag from /home/airflow/.local/lib/python3.7/site-packages/airflow/example_dags/example_complex.py
[2023-04-05T03:47:55.993+0000] {logging_mixin.py:137} INFO - [2023-04-05T03:47:55.992+0000] {taskmixin.py:211} WARNING - Dependency <Task(BashOperator): create_entry_group>, delete_entry_group already registered for DAG: example_complex
[2023-04-05T03:47:55.993+0000] {logging_mixin.py:137} INFO - [2023-04-05T03:47:55.993+0000] {taskmixin.py:211} WARNING - Dependency <Task(BashOperator): delete_entry_group>, create_entry_group already registered for DAG: example_complex
[2023-04-05T03:47:55.994+0000] {logging_mixin.py:137} INFO - [2023-04-05T03:47:55.994+0000] {taskmixin.py:211} WARNING - Dependency <Task(BashOperator): create_entry_gcs>, delete_entry already registered for DAG: example_complex
[2023-04-05T03:47:55.994+0000] {logging_mixin.py:137} INFO - [2023-04-05T03:47:55.994+0000] {taskmixin.py:211} WARNING - Dependency <Task(BashOperator): delete_entry>, create_entry_gcs already registered for DAG: example_complex
[2023-04-05T03:47:55.995+0000] {logging_mixin.py:137} INFO - [2023-04-05T03:47:55.995+0000] {taskmixin.py:211} WARNING - Dependency <Task(BashOperator): create_tag>, delete_tag already registered for DAG: example_complex
[2023-04-05T03:47:55.996+0000] {logging_mixin.py:137} INFO - [2023-04-05T03:47:55.996+0000] {taskmixin.py:211} WARNING - Dependency <Task(BashOperator): delete_tag>, create_tag already registered for DAG: example_complex
[2023-04-05T03:47:56.004+0000] {processor.py:753} INFO - DAG(s) dict_keys(['example_complex']) retrieved from /home/airflow/.local/lib/python3.7/site-packages/airflow/example_dags/example_complex.py
[2023-04-05T03:47:56.048+0000] {logging_mixin.py:137} INFO - [2023-04-05T03:47:56.048+0000] {dag.py:2705} INFO - Sync 1 DAGs
[2023-04-05T03:47:56.076+0000] {logging_mixin.py:137} INFO - [2023-04-05T03:47:56.076+0000] {dag.py:3456} INFO - Setting next_dagrun for example_complex to None, run_after=None
[2023-04-05T03:47:56.096+0000] {processor.py:175} INFO - Processing /home/airflow/.local/lib/python3.7/site-packages/airflow/example_dags/example_complex.py took 0.121 seconds
