[2023-04-05T03:47:23.888+0000] {processor.py:153} INFO - Started process (PID=39) to work on /home/airflow/.local/lib/python3.7/site-packages/airflow/example_dags/example_datasets.py
[2023-04-05T03:47:23.889+0000] {processor.py:743} INFO - Processing file /home/airflow/.local/lib/python3.7/site-packages/airflow/example_dags/example_datasets.py for tasks to queue
[2023-04-05T03:47:23.890+0000] {logging_mixin.py:137} INFO - [2023-04-05T03:47:23.890+0000] {dagbag.py:532} INFO - Filling up the DagBag from /home/airflow/.local/lib/python3.7/site-packages/airflow/example_dags/example_datasets.py
[2023-04-05T03:47:23.913+0000] {processor.py:753} INFO - DAG(s) dict_keys(['dataset_consumes_1_never_scheduled', 'dataset_produces_2', 'dataset_consumes_1', 'dataset_consumes_1_and_2', 'dataset_produces_1', 'dataset_consumes_unknown_never_scheduled']) retrieved from /home/airflow/.local/lib/python3.7/site-packages/airflow/example_dags/example_datasets.py
[2023-04-05T03:47:23.968+0000] {logging_mixin.py:137} INFO - [2023-04-05T03:47:23.968+0000] {dag.py:2705} INFO - Sync 6 DAGs
[2023-04-05T03:47:24.045+0000] {logging_mixin.py:137} INFO - [2023-04-05T03:47:24.045+0000] {dag.py:3456} INFO - Setting next_dagrun for dataset_consumes_1 to None, run_after=None
[2023-04-05T03:47:24.052+0000] {logging_mixin.py:137} INFO - [2023-04-05T03:47:24.052+0000] {dag.py:3456} INFO - Setting next_dagrun for dataset_consumes_1_and_2 to None, run_after=None
[2023-04-05T03:47:24.056+0000] {logging_mixin.py:137} INFO - [2023-04-05T03:47:24.056+0000] {dag.py:3456} INFO - Setting next_dagrun for dataset_consumes_1_never_scheduled to None, run_after=None
[2023-04-05T03:47:24.059+0000] {logging_mixin.py:137} INFO - [2023-04-05T03:47:24.059+0000] {dag.py:3456} INFO - Setting next_dagrun for dataset_consumes_unknown_never_scheduled to None, run_after=None
[2023-04-05T03:47:24.065+0000] {logging_mixin.py:137} INFO - [2023-04-05T03:47:24.065+0000] {dag.py:3456} INFO - Setting next_dagrun for dataset_produces_1 to 2023-04-04T00:00:00+00:00, run_after=2023-04-05T00:00:00+00:00
[2023-04-05T03:47:24.068+0000] {logging_mixin.py:137} INFO - [2023-04-05T03:47:24.067+0000] {dag.py:3456} INFO - Setting next_dagrun for dataset_produces_2 to None, run_after=None
[2023-04-05T03:47:24.105+0000] {processor.py:175} INFO - Processing /home/airflow/.local/lib/python3.7/site-packages/airflow/example_dags/example_datasets.py took 0.221 seconds
[2023-04-05T03:47:54.391+0000] {processor.py:153} INFO - Started process (PID=89) to work on /home/airflow/.local/lib/python3.7/site-packages/airflow/example_dags/example_datasets.py
[2023-04-05T03:47:54.392+0000] {processor.py:743} INFO - Processing file /home/airflow/.local/lib/python3.7/site-packages/airflow/example_dags/example_datasets.py for tasks to queue
[2023-04-05T03:47:54.393+0000] {logging_mixin.py:137} INFO - [2023-04-05T03:47:54.393+0000] {dagbag.py:532} INFO - Filling up the DagBag from /home/airflow/.local/lib/python3.7/site-packages/airflow/example_dags/example_datasets.py
[2023-04-05T03:47:54.413+0000] {processor.py:753} INFO - DAG(s) dict_keys(['dataset_consumes_unknown_never_scheduled', 'dataset_consumes_1', 'dataset_produces_2', 'dataset_produces_1', 'dataset_consumes_1_never_scheduled', 'dataset_consumes_1_and_2']) retrieved from /home/airflow/.local/lib/python3.7/site-packages/airflow/example_dags/example_datasets.py
[2023-04-05T03:47:54.483+0000] {logging_mixin.py:137} INFO - [2023-04-05T03:47:54.482+0000] {dag.py:2705} INFO - Sync 6 DAGs
[2023-04-05T03:47:54.505+0000] {logging_mixin.py:137} INFO - [2023-04-05T03:47:54.505+0000] {dag.py:3456} INFO - Setting next_dagrun for dataset_consumes_1 to None, run_after=None
[2023-04-05T03:47:54.507+0000] {logging_mixin.py:137} INFO - [2023-04-05T03:47:54.507+0000] {dag.py:3456} INFO - Setting next_dagrun for dataset_consumes_1_and_2 to None, run_after=None
[2023-04-05T03:47:54.509+0000] {logging_mixin.py:137} INFO - [2023-04-05T03:47:54.509+0000] {dag.py:3456} INFO - Setting next_dagrun for dataset_consumes_1_never_scheduled to None, run_after=None
[2023-04-05T03:47:54.510+0000] {logging_mixin.py:137} INFO - [2023-04-05T03:47:54.510+0000] {dag.py:3456} INFO - Setting next_dagrun for dataset_consumes_unknown_never_scheduled to None, run_after=None
[2023-04-05T03:47:54.513+0000] {logging_mixin.py:137} INFO - [2023-04-05T03:47:54.512+0000] {dag.py:3456} INFO - Setting next_dagrun for dataset_produces_1 to 2023-04-04T00:00:00+00:00, run_after=2023-04-05T00:00:00+00:00
[2023-04-05T03:47:54.514+0000] {logging_mixin.py:137} INFO - [2023-04-05T03:47:54.514+0000] {dag.py:3456} INFO - Setting next_dagrun for dataset_produces_2 to None, run_after=None
[2023-04-05T03:47:54.539+0000] {processor.py:175} INFO - Processing /home/airflow/.local/lib/python3.7/site-packages/airflow/example_dags/example_datasets.py took 0.151 seconds
